build/app/intermediates/manifest_merge_blame_file/release/manifest-merger-blame-release-report.txt
1<?xml version="1.0" encoding="utf-8"?>
2<manifest xmlns:android="http://schemas.android.com/apk/res/android"
3    package="com.example.seven_min_track"
4    android:versionCode="1"
5    android:versionName="1.0.0" >
6
7    <uses-sdk
8        android:minSdkVersion="16"
8-->src\main\AndroidManifest.xml
9        android:targetSdkVersion="33" />
9-->src\main\AndroidManifest.xml
10
11    <application
12        android:name="android.app.Application"
12-->src\main\AndroidManifest.xml:5:9-42
13        android:appComponentFactory="androidx.core.app.CoreComponentFactory"
13-->[androidx.core:core:1.6.0] AndroidManifest.xml:24:18-86
14        android:icon="@mipmap/ic_launcher"
14-->src\main\AndroidManifest.xml:6:9-43
15        android:label="seven_min_track" >
15-->src\main\AndroidManifest.xml:4:9-40
16        <activity
16-->src\main\AndroidManifest.xml:7:9-27:20
17            android:name="com.example.seven_min_track.MainActivity"
17-->src\main\AndroidManifest.xml:8:13-41
18            android:configChanges="orientation|keyboardHidden|keyboard|screenSize|smallestScreenSize|locale|layoutDirection|fontScale|screenLayout|density|uiMode"
18-->src\main\AndroidManifest.xml:12:13-163
19            android:exported="true"
19-->src\main\AndroidManifest.xml:9:13-36
20            android:hardwareAccelerated="true"
20-->src\main\AndroidManifest.xml:13:13-47
21            android:launchMode="singleTop"
21-->src\main\AndroidManifest.xml:10:13-43
22            android:theme="@style/LaunchTheme"
22-->src\main\AndroidManifest.xml:11:13-47
23            android:windowSoftInputMode="adjustResize" >
23-->src\main\AndroidManifest.xml:14:13-55
24
25            <!--
26                 Specifies an Android theme to apply to this Activity as soon as
27                 the Android process has started. This theme is visible to the user
28                 while the Flutter UI initializes. After that, this theme continues
29                 to determine the Window background behind the Flutter UI.
30            -->
31            <meta-data
31-->src\main\AndroidManifest.xml:19:13-22:17
32                android:name="io.flutter.embedding.android.NormalTheme"
32-->src\main\AndroidManifest.xml:20:15-70
33                android:resource="@style/NormalTheme" />
33-->src\main\AndroidManifest.xml:21:15-52
34
35            <intent-filter>
35-->src\main\AndroidManifest.xml:23:13-26:29
36                <action android:name="android.intent.action.MAIN" />
36-->src\main\AndroidManifest.xml:24:17-68
36-->src\main\AndroidManifest.xml:24:25-66
37
38                <category android:name="android.intent.category.LAUNCHER" />
38-->src\main\AndroidManifest.xml:25:17-76
38-->src\main\AndroidManifest.xml:25:27-74
39            </intent-filter>
40        </activity>
41        <!--
42             Don't delete the meta-data below.
43             This is used by the Flutter tool to generate GeneratedPluginRegistrant.java
44        -->
45        <meta-data
45-->src\main\AndroidManifest.xml:30:9-32:33
46            android:name="flutterEmbedding"
46-->src\main\AndroidManifest.xml:31:13-44
47            android:value="2" />
47-->src\main\AndroidManifest.xml:32:13-30
48
49        <activity
49-->[:url_launcher_android] AndroidManifest.xml:10:9-13:74
50            android:name="io.flutter.plugins.urllauncher.WebViewActivity"
50-->[:url_launcher_android] AndroidManifest.xml:11:13-74
51            android:exported="false"
51-->[:url_launcher_android] AndroidManifest.xml:12:13-37
52            android:theme="@android:style/Theme.NoTitleBar.Fullscreen" />
52-->[:url_launcher_android] AndroidManifest.xml:13:13-71
53
54        <uses-library
54-->[androidx.window:window:1.0.0-beta04] AndroidManifest.xml:25:9-27:40
55            android:name="androidx.window.extensions"
55-->[androidx.window:window:1.0.0-beta04] AndroidManifest.xml:26:13-54
56            android:required="false" />
56-->[androidx.window:window:1.0.0-beta04] AndroidManifest.xml:27:13-37
57        <uses-library
57-->[androidx.window:window:1.0.0-beta04] AndroidManifest.xml:28:9-30:40
58            android:name="androidx.window.sidecar"
58-->[androidx.window:window:1.0.0-beta04] AndroidManifest.xml:29:13-51
59            android:required="false" />
59-->[androidx.window:window:1.0.0-beta04] AndroidManifest.xml:30:13-37
60
61        <activity
61-->[com.google.android.gms:play-services-auth:20.4.0] AndroidManifest.xml:23:9-27:75
62            android:name="com.google.android.gms.auth.api.signin.internal.SignInHubActivity"
62-->[com.google.android.gms:play-services-auth:20.4.0] AndroidManifest.xml:24:13-93
63            android:excludeFromRecents="true"
63-->[com.google.android.gms:play-services-auth:20.4.0] AndroidManifest.xml:25:13-46
64            android:exported="false"
64-->[com.google.android.gms:play-services-auth:20.4.0] AndroidManifest.xml:26:13-37
65            android:theme="@android:style/Theme.Translucent.NoTitleBar" />
65-->[com.google.android.gms:play-services-auth:20.4.0] AndroidManifest.xml:27:13-72
66        <!--
67            Service handling Google Sign-In user revocation. For apps that do not integrate with
68            Google Sign-In, this service will never be started.
69        -->
70        <service
70-->[com.google.android.gms:play-services-auth:20.4.0] AndroidManifest.xml:33:9-37:51
71            android:name="com.google.android.gms.auth.api.signin.RevocationBoundService"
71-->[com.google.android.gms:play-services-auth:20.4.0] AndroidManifest.xml:34:13-89
72            android:exported="true"
72-->[com.google.android.gms:play-services-auth:20.4.0] AndroidManifest.xml:35:13-36
73            android:permission="com.google.android.gms.auth.api.signin.permission.REVOCATION_NOTIFICATION"
73-->[com.google.android.gms:play-services-auth:20.4.0] AndroidManifest.xml:36:13-107
74            android:visibleToInstantApps="true" />
74-->[com.google.android.gms:play-services-auth:20.4.0] AndroidManifest.xml:37:13-48
75
76        <activity
76-->[com.google.android.gms:play-services-base:18.0.1] AndroidManifest.xml:20:9-22:45
77            android:name="com.google.android.gms.common.api.GoogleApiActivity"
77-->[com.google.android.gms:play-services-base:18.0.1] AndroidManifest.xml:20:19-85
78            android:exported="false"
78-->[com.google.android.gms:play-services-base:18.0.1] AndroidManifest.xml:22:19-43
79            android:theme="@android:style/Theme.Translucent.NoTitleBar" />
79-->[com.google.android.gms:play-services-base:18.0.1] AndroidManifest.xml:21:19-78
80
81        <meta-data
81-->[com.google.android.gms:play-services-basement:18.1.0] AndroidManifest.xml:21:9-23:69
82            android:name="com.google.android.gms.version"
82-->[com.google.android.gms:play-services-basement:18.1.0] AndroidManifest.xml:22:13-58
83            android:value="@integer/google_play_services_version" />
83-->[com.google.android.gms:play-services-basement:18.1.0] AndroidManifest.xml:23:13-66
84    </application>
85
86</manifest>